recode
acl
adduser
adwaita-icon-theme
afio
amd64-microcode
anacron
apparmor
apt
apt-listchanges
apt-show-versions
apt-utils
aptitude
aptitude-common
arch-test
at-spi2-core
attr
autofs
avahi-daemon
avahi-discover
base-files
base-passwd
bash
bash-completion
bc
bind9-host
bridge-utils
bsdmainutils
bsdutils
btrfs-progs
busybox
bzip2
ca-certificates
ca-certificates-java
colord
colord-data
console-setup
console-setup-linux
coreutils
cpio
cron
cups
cups-browsed
cups-bsd
cups-client
cups-common
cups-core-drivers
cups-daemon
cups-filters
cups-filters-core-drivers
cups-ipp-utils
cups-ppdc
cups-server-common
curl
dash
dbus
dbus-user-session
dc
dconf-gsettings-backend:amd64
dconf-service
debconf
debconf-i18n
debian-archive-keyring
debian-faq
debianutils
debootstrap
default-jre-headless
dictionaries-common
diffutils
dirmngr
discover
discover-data
distro-info-data
dmeventd
dmidecode
dmsetup
dnsutils
doc-debian
dos2unix
dosfstools
dpkg
e2fsprogs
eject
emacs-bin-common
emacs-common
emacsen-common
etckeeper
ethtool
exfat-fuse
exfat-utils
exim4
exim4-base
exim4-config
exim4-daemon-light
fdisk
fetchmail
file
findutils
firmware-amd-graphics
firmware-linux
firmware-linux-free
firmware-linux-nonfree
firmware-misc-nonfree
firmware-realtek
fontconfig
fontconfig-config
fonts-dejavu-core
fonts-droid-fallback
fonts-noto-mono
foomatic-db-compressed-ppds
foomatic-db-engine
fuse
gcc-8-base:amd64
gdbm-l10n
genders
geoip-database
gettext-base
ghostscript
gimp-data
gir1.2-atk-1.0:amd64
gir1.2-freedesktop:amd64
gir1.2-gdkpixbuf-2.0:amd64
gir1.2-glib-2.0:amd64
gir1.2-gtk-3.0:amd64
gir1.2-pango-1.0:amd64
git
git-man
glib-networking:amd64
glib-networking-common
glib-networking-services
gnupg
gnupg-l10n
gnupg-utils
google-cloud-sdk
gpg
gpg-agent
gpg-wks-client
gpg-wks-server
gpgconf
gpgsm
gpgv
grep
groff-base
grub2-common
gsettings-desktop-schemas
gsfonts
gtk-update-icon-cache
guile-2.2-libs:amd64
gzip
hdparm
hicolor-icon-theme
hostname
hp-ppd
hplip
hplip-data
hv3
i965-va-driver:amd64
iamerican
ibritish
ibverbs-providers:amd64
ienglish-common
ifupdown
init
init-system-helpers
initramfs-tools
initramfs-tools-core
install-info
installation-report
intel-media-va-driver:amd64
intel-microcode
ipcalc
iproute2
iptables
iputils-ping
isc-dhcp-client
isc-dhcp-common
iso-codes
ispell
iucode-tool
java-common
kbd
keyboard-configuration
keyutils
klibc-utils
kmod
krb5-locales
laptop-detect
less
libaacs0:amd64
libacl1:amd64
libactivation-java
libadns1
libaio1:amd64
libamd2:amd64
libaom0:amd64
libapparmor1:amd64
libapt-inst2.0:amd64
libapt-pkg-perl
libapt-pkg5.0:amd64
libargon2-1:amd64
libasound2:amd64
libasound2-data
libassuan0:amd64
libasyncns0:amd64
libatk-bridge2.0-0:amd64
libatk1.0-0:amd64
libatk1.0-data
libatspi2.0-0:amd64
libattr1:amd64
libaudit-common
libaudit1:amd64
libavahi-client3:amd64
libavahi-common-data:amd64
libavahi-common3:amd64
libavahi-core7:amd64
libavahi-glib1:amd64
libavcodec58:amd64
libavformat58:amd64
libavutil56:amd64
libbabl-0.1-0:amd64
libbdplus0:amd64
libbind9-161:amd64
libblas3:amd64
libblkid1:amd64
libbluray2:amd64
libboost-atomic1.67.0:amd64
libboost-filesystem1.67.0:amd64
libboost-iostreams1.67.0:amd64
libboost-program-options1.67.0:amd64
libboost-regex1.67.0:amd64
libboost-system1.67.0:amd64
libboost-thread1.67.0:amd64
libbsd0:amd64
libbz2-1.0:amd64
libc-bin
libc-l10n
libc6:amd64
libcaca0:amd64
libcairo-gobject2:amd64
libcairo2:amd64
libcamd2:amd64
libcap-ng0:amd64
libcap2:amd64
libcap2-bin
libccolamd2:amd64
libcephfs2:amd64
libcgi-fast-perl
libcgi-pm-perl
libcholmod3:amd64
libchromaprint1:amd64
libclass-accessor-perl
libcodec2-0.8.1:amd64
libcolamd2:amd64
libcolord2:amd64
libcolorhug2:amd64
libcom-err2:amd64
libcroco3:amd64
libcryptsetup12:amd64
libcrystalhd3:amd64
libcups2:amd64
libcupsfilters1:amd64
libcupsimage2:amd64
libcurl3-gnutls:amd64
libcurl4:amd64
libcwidget3v5:amd64
libdaemon0:amd64
libdatrie1:amd64
libdb5.3:amd64
libdbus-1-3:amd64
libdconf1:amd64
libdebconfclient0:amd64
libdevmapper-event1.02.1:amd64
libdevmapper1.02.1:amd64
libdiscover2
libdns-export1104
libdns1104:amd64
libdrm-amdgpu1:amd64
libdrm-common
libdrm-intel1:amd64
libdrm-nouveau2:amd64
libdrm-radeon1:amd64
libdrm2:amd64
libdumbnet1:amd64
libedit2:amd64
libefiboot1:amd64
libefivar1:amd64
libelf1:amd64
libencode-locale-perl
libepoxy0:amd64
liberror-perl
libestr0:amd64
libevent-2.1-6:amd64
libexif12:amd64
libexiv2-14:amd64
libexpat1:amd64
libext2fs2:amd64
libfastjson4:amd64
libfcgi-perl
libfdisk1:amd64
libffi6:amd64
libflac8:amd64
libfontconfig1:amd64
libfontembed1:amd64
libfontenc1:amd64
libfreetype6:amd64
libfribidi0:amd64
libfstrm0:amd64
libfuse2:amd64
libgail-common:amd64
libgail18:amd64
libgc1c2:amd64
libgcc1:amd64
libgcrypt20:amd64
libgd3:amd64
libgdbm-compat4:amd64
libgdbm6:amd64
libgdk-pixbuf2.0-0:amd64
libgdk-pixbuf2.0-bin
libgdk-pixbuf2.0-common
libgegl-0.4-0:amd64
libgegl-common
libgenders0:amd64
libgeoip1:amd64
libgexiv2-2:amd64
libgfapi0:amd64
libgfortran5:amd64
libgfrpc0:amd64
libgfxdr0:amd64
libgimp2.0
libgirepository-1.0-1:amd64
libgl1:amd64
libgl1-mesa-dri:amd64
libglapi-mesa:amd64
libglib2.0-0:amd64
libglib2.0-data
libglusterfs0:amd64
libglvnd0:amd64
libglx-mesa0:amd64
libglx0:amd64
libgme0:amd64
libgmp10:amd64
libgnutls-dane0:amd64
libgnutls30:amd64
libgomp1:amd64
libgpg-error0:amd64
libgpgme11:amd64
libgphoto2-6:amd64
libgphoto2-l10n
libgphoto2-port12:amd64
libgraphite2-3:amd64
libgs9:amd64
libgs9-common
libgsasl7
libgsm1:amd64
libgssapi-krb5-2:amd64
libgtk-3-0:amd64
libgtk-3-bin
libgtk-3-common
libgtk2.0-0:amd64
libgtk2.0-bin
libgtk2.0-common
libgudev-1.0-0:amd64
libgusb2:amd64
libgutenprint-common
libgutenprint9
libharfbuzz0b:amd64
libhogweed4:amd64
libhpmud0:amd64
libhtml-parser-perl
libhtml-tagset-perl
libhttp-date-perl
libhttp-message-perl
libibverbs1:amd64
libice6:amd64
libicu63:amd64
libid3tag0:amd64
libidn11:amd64
libidn2-0:amd64
libieee1284-3:amd64
libigdgmm5:amd64
libijs-0.35:amd64
libilmbase23:amd64
libimagequant0:amd64
libio-html-perl
libio-string-perl
libip4tc0:amd64
libip6tc0:amd64
libiptc0:amd64
libirs161:amd64
libisc-export1100:amd64
libisc1100:amd64
libisccc161:amd64
libisccfg163:amd64
libjansson4:amd64
libjbig0:amd64
libjbig2dec0:amd64
libjim0.77:amd64
libjpeg62-turbo:amd64
libjson-c3:amd64
libjson-glib-1.0-0:amd64
libjson-glib-1.0-common
libk5crypto3:amd64
libkeyutils1:amd64
libklibc:amd64
libkmod2:amd64
libkrb5-3:amd64
libkrb5support0:amd64
libksba8:amd64
libkyotocabinet16v5:amd64
liblapack3:amd64
liblcms2-2:amd64
liblcms2-utils
libldap-2.4-2:amd64
libldap-common
libldb1:amd64
libllvm7:amd64
liblmdb0:amd64
liblocale-gettext-perl
liblockfile-bin
liblockfile1:amd64
liblognorm5:amd64
liblouis-data
liblouis17:amd64
liblouisutdml-bin
liblouisutdml-data
liblouisutdml8:amd64
libltdl7:amd64
liblvm2cmd2.03:amd64
liblwp-mediatypes-perl
liblwres161:amd64
liblz4-1:amd64
liblzma5:amd64
liblzo2-2:amd64
libmagic-mgc
libmagic1:amd64
libmailutils5:amd64
libmariadb3:amd64
libmetis5:amd64
libminiupnpc17:amd64
libmnl0:amd64
libmount1:amd64
libmp3lame0:amd64
libmpdec2:amd64
libmpg123-0:amd64
libmspack0:amd64
libnatpmp1:amd64
libncurses6:amd64
libncursesw6:amd64
libnetfilter-conntrack3:amd64
libnettle6:amd64
libnewt0.52:amd64
libnfnetlink0:amd64
libnfsidmap2:amd64
libnftnl11:amd64
libnghttp2-14:amd64
libnl-3-200:amd64
libnl-route-3-200:amd64
libnpth0:amd64
libnspr4:amd64
libnss-mdns:amd64
libnss-mymachines:amd64
libnss-systemd:amd64
libnss3:amd64
libntlm0:amd64
libnuma1:amd64
libogg0:amd64
libopenexr23:amd64
libopenjp2-7:amd64
libopenmpt0:amd64
libopus0:amd64
libp11-kit0:amd64
libpam-modules:amd64
libpam-modules-bin
libpam-runtime
libpam-systemd:amd64
libpam0g:amd64
libpango-1.0-0:amd64
libpangocairo-1.0-0:amd64
libpangoft2-1.0-0:amd64
libpangoxft-1.0-0:amd64
libpaper-utils
libpaper1:amd64
libparse-debianchangelog-perl
libpcap0.8:amd64
libpci3:amd64
libpciaccess0:amd64
libpcre2-8-0:amd64
libpcre3:amd64
libpcsclite1:amd64
libperl5.28:amd64
libpipeline1:amd64
libpixman-1-0:amd64
libpng16-16:amd64
libpolkit-agent-1-0:amd64
libpolkit-backend-1-0:amd64
libpolkit-gobject-1-0:amd64
libpoppler82:amd64
libpopt0:amd64
libprocps7:amd64
libprotobuf-c1:amd64
libproxy1v5:amd64
libpsl5:amd64
libpulse0:amd64
libpython-stdlib:amd64
libpython2-stdlib:amd64
libpython2.7:amd64
libpython2.7-minimal:amd64
libpython2.7-stdlib:amd64
libpython3-stdlib:amd64
libpython3.7:amd64
libpython3.7-minimal:amd64
libpython3.7-stdlib:amd64
libqpdf21:amd64
libquadmath0:amd64
librados2:amd64
libraw19:amd64
libreadline5:amd64
libreadline7:amd64
librest-0.7-0:amd64
librsvg2-2:amd64
librsvg2-common:amd64
librtmp1:amd64
libsane:amd64
libsane-common
libsane-hpaio:amd64
libsasl2-2:amd64
libsasl2-modules:amd64
libsasl2-modules-db:amd64
libsdl1.2debian:amd64
libseccomp2:amd64
libselinux1:amd64
libsemanage-common
libsemanage1:amd64
libsensors-config
libsensors5:amd64
libsepol1:amd64
libshine3:amd64
libsigc++-2.0-0v5:amd64
libslang2:amd64
libsm6:amd64
libsmartcols1:amd64
libsnappy1v5:amd64
libsndfile1:amd64
libsnmp-base
libsnmp30:amd64
libsoup-gnome2.4-1:amd64
libsoup2.4-1:amd64
libsoxr0:amd64
libspeex1:amd64
libsqlite3-0:amd64
libsqlite3-tcl
libss2:amd64
libssh-gcrypt-4:amd64
libssh2-1:amd64
libssl1.1:amd64
libstdc++6:amd64
libsub-name-perl
libsuitesparseconfig5:amd64
libswresample3:amd64
libswscale5:amd64
libsystemd0:amd64
libtalloc2:amd64
libtasn1-6:amd64
libtcl8.6:amd64
libtdb1:amd64
libtevent0:amd64
libtext-charwidth-perl
libtext-iconv-perl
libtext-wrapi18n-perl
libthai-data
libthai0:amd64
libtheora0:amd64
libtiff5:amd64
libtimedate-perl
libtinfo6:amd64
libtirpc-common
libtirpc3:amd64
libtk-img:amd64
libtk8.6:amd64
libtokyocabinet9:amd64
libtwolame0:amd64
libuchardet0:amd64
libudev1:amd64
libumfpack5:amd64
libunbound8:amd64
libunistring2:amd64
libunwind8:amd64
liburi-perl
libusb-0.1-4:amd64
libusb-1.0-0:amd64
libutempter0:amd64
libuuid1:amd64
libva-drm2:amd64
libva-x11-2:amd64
libva2:amd64
libvdpau-va-gl1:amd64
libvdpau1:amd64
libvorbis0a:amd64
libvorbisenc2:amd64
libvorbisfile3:amd64
libvpx5:amd64
libwavpack1:amd64
libwayland-client0:amd64
libwayland-cursor0:amd64
libwayland-egl1:amd64
libwbclient0:amd64
libwebp6:amd64
libwebpdemux2:amd64
libwebpmux3:amd64
libwrap0:amd64
libx11-6:amd64
libx11-data
libx11-xcb1:amd64
libx264-155:amd64
libx265-165:amd64
libxapian30:amd64
libxau6:amd64
libxaw7:amd64
libxcb-dri2-0:amd64
libxcb-dri3-0:amd64
libxcb-glx0:amd64
libxcb-present0:amd64
libxcb-render0:amd64
libxcb-shape0:amd64
libxcb-shm0:amd64
libxcb-sync1:amd64
libxcb-xfixes0:amd64
libxcb1:amd64
libxcomposite1:amd64
libxcursor1:amd64
libxdamage1:amd64
libxdmcp6:amd64
libxext6:amd64
libxfixes3:amd64
libxft2:amd64
libxi6:amd64
libxinerama1:amd64
libxkbcommon0:amd64
libxml2:amd64
libxmlsec1:amd64
libxmlsec1-openssl:amd64
libxmu6:amd64
libxmuu1:amd64
libxpm4:amd64
libxrandr2:amd64
libxrender1:amd64
libxshmfence1:amd64
libxslt1.1:amd64
libxss1:amd64
libxt6:amd64
libxtables12:amd64
libxtst6:amd64
libxv1:amd64
libxvidcore4:amd64
libxxf86dga1:amd64
libxxf86vm1:amd64
libyaml-0-2:amd64
libzstd1:amd64
libzvbi-common
libzvbi0:amd64
linux-base
locales
locate
lockfile-progs
login
logrotate
lsb-base
lsb-release
lshw
lsof
lsscsi
lvm2
mailutils
mailutils-common
make
man-db
manpages
mariadb-common
mawk
mesa-va-drivers:amd64
mesa-vdpau-drivers:amd64
mime-support
minidlna
mount
mscompress
mutt
mysql-common
nano
ncurses-base
ncurses-bin
ncurses-term
net-tools
netbase
netcat-traditional
nfs-common
nfs-kernel-server
nis
nvi
nvi-doc
open-vm-tools
openjdk-11-jre-headless:amd64
openprinting-ppds
openssh-client
openssh-server
openssh-sftp-server
openssl
os-prober
parallel
passwd
patch
pciutils
pdsh
perl
perl-base
perl-modules-5.28
pinentry-curses
policykit-1
poppler-data
poppler-utils
powermgmt-base
printer-driver-all
printer-driver-brlaser
printer-driver-c2050
printer-driver-c2esp
printer-driver-cjet
printer-driver-cups-pdf
printer-driver-dymo
printer-driver-escpr
printer-driver-foo2zjs
printer-driver-foo2zjs-common
printer-driver-fujixerox
printer-driver-gutenprint
printer-driver-hpcups
printer-driver-hpijs
printer-driver-m2300w
printer-driver-min12xxw
printer-driver-pnm2ppa
printer-driver-postscript-hp
printer-driver-ptouch
printer-driver-pxljr
printer-driver-sag-gdi
printer-driver-splix
procmail
procps
psmisc
publicsuffix
python
python-adns
python-apt-common
python-avahi
python-crypto
python-dbus
python-dnspython
python-gdbm
python-geoip
python-gi
python-gpg
python-ipy
python-ldb
python-minimal
python-samba
python-talloc:amd64
python-tdb
python2
python2-minimal
python2.7
python2.7-minimal
python3
python3-apt
python3-certifi
python3-chardet
python3-crcmod
python3-dbus
python3-debconf
python3-debian
python3-debianbts
python3-distro
python3-gi
python3-httplib2
python3-idna
python3-minimal
python3-olefile
python3-pexpect
python3-pil:amd64
python3-pkg-resources
python3-ptyprocess
python3-pycurl
python3-pysimplesoap
python3-renderpm:amd64
python3-reportbug
python3-reportlab
python3-reportlab-accel:amd64
python3-requests
python3-six
python3-urllib3
python3.7
python3.7-minimal
qemu-guest-agent
qemu-utils
quagga-core
quagga-ripd
readline-common
reportbug
rpcbind
rsyslog
samba
samba-common
samba-common-bin
samba-dsdb-modules:amd64
samba-libs:amd64
samba-vfs-modules:amd64
sane
sane-utils
schroot
schroot-common
screen
sed
sensible-utils
shared-mime-info
shim-signed-common
ssl-cert
stow
strace
sudo
sysstat
systemd
systemd-container
systemd-sysv
sysvinit-utils
tar
task-english
task-print-server
task-ssh-server
tasksel
tasksel-data
tcl
tcl-tls:amd64
tcl8.6
tcllib
tcpdump
tdb-tools
telnet
thin-provisioning-tools
tix
tk
tk-html3
tk8.6
traceroute
transmission-cli
transmission-common
transmission-remote-cli
tzdata
ucf
udev
unzip
update-inetd
usb-modeswitch
usb-modeswitch-data
usb.ids
usbutils
util-linux
util-linux-locales
va-driver-all:amd64
vdpau-driver-all:amd64
vim-common
vim-tiny
wamerican
wget
whiptail
x11-common
x11-utils
xauth
xbitmaps
xdg-user-dirs
xkb-data
xsane
xsane-common
xterm
xxd
xz-utils
zerofree
zlib1g:amd64
zram-tools
